15:56:06: Creating resource group General
15:56:06: Creating resource group OgreInternal
15:56:06: Creating resource group OgreAutodetect
15:56:06: SceneManagerFactory for type 'DefaultSceneManager' registered.
15:56:06: Registering ResourceManager for type Material
15:56:06: Registering ResourceManager for type Mesh
15:56:06: Registering ResourceManager for type Skeleton
15:56:06: MovableObjectFactory for type 'ParticleSystem' registered.
15:56:06: ArchiveFactory for archive type FileSystem registered.
15:56:06: ArchiveFactory for archive type Zip registered.
15:56:06: ArchiveFactory for archive type EmbeddedZip registered.
15:56:06: DDS codec registering
15:56:06: ETC codec registering
15:56:06: Registering ResourceManager for type HighLevelGpuProgram
15:56:06: Registering ResourceManager for type Compositor
15:56:06: MovableObjectFactory for type 'Entity' registered.
15:56:06: MovableObjectFactory for type 'Light' registered.
15:56:06: MovableObjectFactory for type 'BillboardSet' registered.
15:56:06: MovableObjectFactory for type 'ManualObject' registered.
15:56:06: MovableObjectFactory for type 'BillboardChain' registered.
15:56:06: MovableObjectFactory for type 'RibbonTrail' registered.
15:56:06: automatic plugin loading disabled: Cannot open file: plugins_d.cfg
15:56:06: *-*-* OGRE Initialising
15:56:06: *-*-* Version 1.12.4 (Rhagorthua)
