18:24:48: Creating resource group General
18:24:48: Creating resource group OgreInternal
18:24:48: Creating resource group OgreAutodetect
18:24:48: SceneManagerFactory for type 'DefaultSceneManager' registered.
18:24:48: Registering ResourceManager for type Material
18:24:48: Registering ResourceManager for type Mesh
18:24:48: Registering ResourceManager for type Skeleton
18:24:48: MovableObjectFactory for type 'ParticleSystem' registered.
18:24:48: ArchiveFactory for archive type FileSystem registered.
18:24:48: ArchiveFactory for archive type Zip registered.
18:24:48: ArchiveFactory for archive type EmbeddedZip registered.
18:24:48: DDS codec registering
18:24:48: ETC codec registering
18:24:48: Registering ResourceManager for type HighLevelGpuProgram
18:24:48: Registering ResourceManager for type Compositor
18:24:48: MovableObjectFactory for type 'Entity' registered.
18:24:48: MovableObjectFactory for type 'Light' registered.
18:24:48: MovableObjectFactory for type 'BillboardSet' registered.
18:24:48: MovableObjectFactory for type 'ManualObject' registered.
18:24:48: MovableObjectFactory for type 'BillboardChain' registered.
18:24:48: MovableObjectFactory for type 'RibbonTrail' registered.
18:24:48: Loading library .\Plugin_PCZSceneManager_d.dll
18:24:48: Installing plugin: Portal Connected Zone Scene Manager
18:24:48: PCZone Factory Type 'ZoneType_Default' registered
18:24:48: Plugin successfully installed
18:24:48: Loading library .\Plugin_OctreeZone_d.dll
18:24:48: Installing plugin: Octree Zone Factory
18:24:48: Plugin successfully installed
18:24:48: Loading library .\Plugin_OctreeSceneManager_d.dll
18:24:48: Installing plugin: Octree Scene Manager
18:24:48: Plugin successfully installed
18:24:48: Loading library .\Codec_STBI_d.dll
18:24:48: stb_image - v2.23 - public domain image loader
18:24:48: Supported formats: jpeg,jpg,png,bmp,psd,tga,gif,pic,ppm,pgm,hdr
18:24:48: Loading library .\Plugin_ParticleFX_d.dll
18:24:48: Installing plugin: ParticleFX
18:24:48: Particle Emitter Type 'Point' registered
18:24:48: Particle Emitter Type 'Box' registered
18:24:48: Particle Emitter Type 'Ellipsoid' registered
18:24:48: Particle Emitter Type 'Cylinder' registered
18:24:48: Particle Emitter Type 'Ring' registered
18:24:48: Particle Emitter Type 'HollowEllipsoid' registered
18:24:48: Particle Affector Type 'LinearForce' registered
18:24:48: Particle Affector Type 'ColourFader' registered
18:24:48: Particle Affector Type 'ColourFader2' registered
18:24:48: Particle Affector Type 'ColourImage' registered
18:24:48: Particle Affector Type 'ColourInterpolator' registered
18:24:48: Particle Affector Type 'Scaler' registered
18:24:48: Particle Affector Type 'Rotator' registered
18:24:48: Particle Affector Type 'DirectionRandomiser' registered
18:24:48: Particle Affector Type 'DeflectorPlane' registered
18:24:48: Plugin successfully installed
18:24:48: Loading library .\Plugin_BSPSceneManager_d.dll
18:24:48: Installing plugin: BSP Scene Manager
18:24:48: Plugin successfully installed
18:24:48: Loading library .\RenderSystem_Direct3D11_d.dll
18:24:48: Installing plugin: D3D11 RenderSystem
18:24:48: D3D11: Direct3D11 Rendering Subsystem created.
18:24:48: D3D11: Driver Detection Starts
18:24:48: D3D11: "Radeon (TM) RX 480 Graphics"
18:24:48: D3D11: "Intel(R) HD Graphics 4600"
18:24:48: D3D11: "Microsoft Basic Render Driver (software)"
18:24:48: D3D11: Driver Detection Ends
18:24:48: Plugin successfully installed
18:24:48: Loading library .\RenderSystem_GL_d.dll
18:24:48: Installing plugin: GL RenderSystem
18:24:48: OpenGL Rendering Subsystem created.
18:24:48: Plugin successfully installed
18:24:48: *-*-* OGRE Initialising
18:24:48: *-*-* Version 1.12.4 (Rhagorthua)
18:24:48: D3D11: RenderSystem Option: Allow NVPerfHUD = No
18:24:48: D3D11: RenderSystem Option: Backbuffer Count = Auto
18:24:48: D3D11: RenderSystem Option: Driver type = Hardware
18:24:48: D3D11: RenderSystem Option: FSAA = 1
18:24:48: D3D11: RenderSystem Option: Floating-point mode = Fastest
18:24:48: D3D11: RenderSystem Option: Full Screen = No
18:24:48: D3D11: RenderSystem Option: Information Queue Exceptions Bottom Level = Info (exception on any message)
18:24:48: D3D11: RenderSystem Option: Max Requested Feature Levels = 11.0
18:24:48: D3D11: RenderSystem Option: Min Requested Feature Levels = 9.1
18:24:48: D3D11: RenderSystem Option: Rendering Device = (default)
18:24:48: D3D11: RenderSystem Option: Reversed Z-Buffer = No
18:24:48: D3D11: RenderSystem Option: VSync = Yes
18:24:48: D3D11: RenderSystem Option: VSync Interval = 1
18:24:48: D3D11: RenderSystem Option: Video Mode = 800 x 600 @ 32-bit colour
18:24:48: D3D11: RenderSystem Option: sRGB Gamma Conversion = No
18:24:48: D3D11: RenderSystem Option: Allow NVPerfHUD = No
18:24:48: D3D11: RenderSystem Option: Backbuffer Count = Auto
18:24:48: D3D11: RenderSystem Option: Driver type = Hardware
18:24:48: D3D11: RenderSystem Option: FSAA = 1
18:24:48: D3D11: RenderSystem Option: Floating-point mode = Fastest
18:24:48: D3D11: RenderSystem Option: Full Screen = No
18:24:48: D3D11: RenderSystem Option: Information Queue Exceptions Bottom Level = Info (exception on any message)
18:24:48: D3D11: RenderSystem Option: Max Requested Feature Levels = 11.0
18:24:48: D3D11: RenderSystem Option: Min Requested Feature Levels = 9.1
18:24:48: D3D11: RenderSystem Option: Rendering Device = (default)
18:24:48: D3D11: RenderSystem Option: Reversed Z-Buffer = No
18:24:48: D3D11: RenderSystem Option: VSync = Yes
18:24:48: D3D11: RenderSystem Option: VSync Interval = 1
18:24:48: D3D11: RenderSystem Option: Video Mode = 800 x 600 @ 32-bit colour
18:24:49: D3D11: RenderSystem Option: sRGB Gamma Conversion = No
18:24:49: CPU Identifier & Features
18:24:49: -------------------------
18:24:49:  *   CPU ID: GenuineIntel: Intel(R) Core(TM) i5-4670 CPU @ 3.40GHz
18:24:49:  *          SSE: yes
18:24:49:  *         SSE2: yes
18:24:49:  *         SSE3: yes
18:24:49:  *        SSE41: yes
18:24:49:  *        SSE42: yes
18:24:49:  *          MMX: yes
18:24:49:  *       MMXEXT: yes
18:24:49:  *        3DNOW: no
18:24:49:  *     3DNOWEXT: no
18:24:49:  *         CMOV: yes
18:24:49:  *          TSC: yes
18:24:49:  *INVARIANT TSC: yes
18:24:49:  *          FPU: yes
18:24:49:  *          PRO: yes
18:24:49:  *           HT: no
18:24:49: -------------------------
18:24:49: *** Starting Win32GL Subsystem ***
18:24:49: Registering ResourceManager for type Texture
18:24:49: GLRenderSystem::_createRenderWindow "Motor Casa Paco", 1280x768 windowed  miscParams: FSAA=0 externalWindowHandle=2950798 gamma=No vsync=No 
18:24:49: Supported WGL extensions: WGL_ARB_extensions_string WGL_ARB_pixel_format WGL_ATI_pixel_format_float WGL_ARB_pixel_format_float WGL_ARB_multisample WGL_EXT_swap_control WGL_EXT_swap_control_tear WGL_ARB_pbuffer WGL_ARB_render_texture WGL_ARB_make_current_read WGL_EXT_extensions_string WGL_ARB_buffer_region WGL_EXT_framebuffer_sRGB WGL_ATI_render_texture_rectangle WGL_EXT_pixel_format_packed_float WGL_I3D_genlock WGL_NV_swap_group WGL_ARB_create_context WGL_AMD_gpu_association WGL_ARB_create_context_profile WGL_ARB_context_flush_control WGL_NV_DX_interop WGL_ARB_create_context_no_error WGL_NV_DX_interop2 WGL_NV_float_buffer
18:24:49: GL_VERSION = 4.6.13586.0
18:24:49: GL_VENDOR = ATI Technologies Inc.
18:24:49: GL_RENDERER = Radeon (TM) RX 480 Graphics
18:24:49: GL_EXTENSIONS = GL_AMDX_debug_output GL_AMD_blend_minmax_factor GL_AMD_conservative_depth GL_AMD_debug_output GL_AMD_depth_clamp_separate GL_AMD_draw_buffers_blend GL_AMD_framebuffer_sample_positions GL_AMD_gcn_shader GL_AMD_gpu_shader_half_float GL_AMD_gpu_shader_int16 GL_AMD_gpu_shader_int64 GL_AMD_interleaved_elements GL_AMD_multi_draw_indirect GL_AMD_name_gen_delete GL_AMD_occlusion_query_event GL_AMD_performance_monitor GL_AMD_pinned_memory GL_AMD_query_buffer_object GL_AMD_sample_positions GL_AMD_seamless_cubemap_per_texture GL_AMD_shader_atomic_counter_ops GL_AMD_shader_stencil_export GL_AMD_shader_stencil_value_export GL_AMD_shader_trace GL_AMD_shader_trinary_minmax GL_AMD_sparse_texture GL_AMD_sparse_texture_pool GL_AMD_stencil_operation_extended GL_AMD_texture_cube_map_array GL_AMD_texture_texture4 GL_AMD_transform_feedback3_lines_triangles GL_AMD_transform_feedback4 GL_AMD_vertex_shader_layer GL_AMD_vertex_shader_viewport_index GL_ARB_ES2_compatibility GL_ARB_ES3_1_compatibility GL_ARB_ES3_compatibility GL_ARB_arrays_of_arrays GL_ARB_base_instance GL_ARB_bindless_texture GL_ARB_blend_func_extended GL_ARB_buffer_storage GL_ARB_clear_buffer_object GL_ARB_clear_texture GL_ARB_clip_control GL_ARB_color_buffer_float GL_ARB_compatibility GL_ARB_compressed_texture_pixel_storage GL_ARB_compute_shader GL_ARB_conditional_render_inverted GL_ARB_conservative_depth GL_ARB_copy_buffer GL_ARB_copy_image GL_ARB_cull_distance GL_ARB_debug_output GL_ARB_depth_buffer_float GL_ARB_depth_clamp GL_ARB_depth_texture GL_ARB_derivative_control GL_ARB_direct_state_access GL_ARB_draw_buffers GL_ARB_draw_buffers_blend GL_ARB_draw_elements_base_vertex GL_ARB_draw_indirect GL_ARB_draw_instanced GL_ARB_enhanced_layouts GL_ARB_explicit_attrib_location GL_ARB_explicit_uniform_location GL_ARB_fragment_coord_conventions GL_ARB_fragment_layer_viewport GL_ARB_fragment_program GL_ARB_fragment_program_shadow GL_ARB_fragment_shader GL_ARB_framebuffer_no_attachments GL_ARB_framebuffer_object GL_ARB_framebuffer_sRGB GL_ARB_geometry_shader4 GL_ARB_get_program_binary GL_ARB_get_texture_sub_image GL_ARB_gl_spirv GL_ARB_gpu_shader5 GL_ARB_gpu_shader_fp64 GL_ARB_half_float_pixel GL_ARB_half_float_vertex GL_ARB_imaging GL_ARB_indirect_parameters GL_ARB_instanced_arrays GL_ARB_internalformat_query GL_ARB_internalformat_query2 GL_ARB_invalidate_subdata GL_ARB_map_buffer_alignment GL_ARB_map_buffer_range GL_ARB_multi_bind GL_ARB_multi_draw_indirect GL_ARB_multisample GL_ARB_multitexture GL_ARB_occlusion_query GL_ARB_occlusion_query2 GL_ARB_parallel_shader_compile GL_ARB_pipeline_statistics_query GL_ARB_pixel_buffer_object GL_ARB_point_parameters GL_ARB_point_sprite GL_ARB_polygon_offset_clamp GL_ARB_program_interface_query GL_ARB_provoking_vertex GL_ARB_query_buffer_object GL_ARB_robust_buffer_access_behavior GL_ARB_sample_shading GL_ARB_sampler_objects GL_ARB_seamless_cube_map GL_ARB_seamless_cubemap_per_texture GL_ARB_separate_shader_objects GL_ARB_shader_atomic_counters GL_ARB_shader_ballot GL_ARB_shader_bit_encoding GL_ARB_shader_draw_parameters GL_ARB_shader_group_vote GL_ARB_shader_image_load_store GL_ARB_shader_image_size GL_ARB_shader_objects GL_ARB_shader_precision GL_ARB_shader_stencil_export GL_ARB_shader_storage_buffer_object GL_ARB_shader_subroutine GL_ARB_shader_texture_image_samples GL_ARB_shader_texture_lod GL_ARB_shader_viewport_layer_array GL_ARB_shading_language_100 GL_ARB_shading_language_420pack GL_ARB_shading_language_packing GL_ARB_shadow GL_ARB_shadow_ambient GL_ARB_sparse_buffer GL_ARB_sparse_texture GL_ARB_spirv_extensions GL_ARB_stencil_texturing GL_ARB_sync GL_ARB_tessellation_shader GL_ARB_texture_barrier GL_ARB_texture_border_clamp GL_ARB_texture_buffer_object GL_ARB_texture_buffer_object_rgb32 GL_ARB_texture_buffer_range GL_ARB_texture_compression GL_ARB_texture_compression_bptc GL_ARB_texture_compression_rgtc GL_ARB_texture_cube_map GL_ARB_texture_cube_map_array GL_ARB_texture_env_add GL_ARB_texture_env_combine GL_ARB_texture_env_crossbar GL_ARB_texture_env_dot3 GL_ARB_texture_float GL_ARB_texture_gather GL_ARB_texture_mirror_clamp_to_edge GL_ARB_texture_mirrored_repeat GL_ARB_texture_multisample GL_ARB_texture_non_power_of_two GL_ARB_texture_query_levels GL_ARB_texture_query_lod GL_ARB_texture_rectangle GL_ARB_texture_rg GL_ARB_texture_rgb10_a2ui GL_ARB_texture_snorm GL_ARB_texture_stencil8 GL_ARB_texture_storage GL_ARB_texture_storage_multisample GL_ARB_texture_swizzle GL_ARB_texture_view GL_ARB_timer_query GL_ARB_transform_feedback2 GL_ARB_transform_feedback3 GL_ARB_transform_feedback_instanced GL_ARB_transform_feedback_overflow_query GL_ARB_transpose_matrix GL_ARB_uniform_buffer_object GL_ARB_vertex_array_bgra GL_ARB_vertex_array_object GL_ARB_vertex_attrib_64bit GL_ARB_vertex_attrib_binding GL_ARB_vertex_buffer_object GL_ARB_vertex_program GL_ARB_vertex_shader GL_ARB_vertex_type_10f_11f_11f_rev GL_ARB_vertex_type_2_10_10_10_rev GL_ARB_viewport_array GL_ARB_window_pos GL_ATI_draw_buffers GL_ATI_envmap_bumpmap GL_ATI_fragment_shader GL_ATI_separate_stencil GL_ATI_texture_compression_3dc GL_ATI_texture_env_combine3 GL_ATI_texture_float GL_ATI_texture_mirror_once GL_EXT_abgr GL_EXT_bgra GL_EXT_bindable_uniform GL_EXT_blend_color GL_EXT_blend_equation_separate GL_EXT_blend_func_separate GL_EXT_blend_minmax GL_EXT_blend_subtract GL_EXT_compiled_vertex_array GL_EXT_copy_buffer GL_EXT_copy_texture GL_EXT_depth_bounds_test GL_EXT_direct_state_access GL_EXT_draw_buffers2 GL_EXT_draw_instanced GL_EXT_draw_range_elements GL_EXT_fog_coord GL_EXT_framebuffer_blit GL_EXT_framebuffer_multisample GL_EXT_framebuffer_object GL_EXT_framebuffer_sRGB GL_EXT_geometry_shader4 GL_EXT_gpu_program_parameters GL_EXT_gpu_shader4 GL_EXT_histogram GL_EXT_memory_object GL_EXT_memory_object_win32 GL_EXT_multi_draw_arrays GL_EXT_packed_depth_stencil GL_EXT_packed_float GL_EXT_packed_pixels GL_EXT_pixel_buffer_object GL_EXT_point_parameters GL_EXT_polygon_offset_clamp GL_EXT_provoking_vertex GL_EXT_rescale_normal GL_EXT_secondary_color GL_EXT_semaphore GL_EXT_semaphore_win32 GL_EXT_separate_specular_color GL_EXT_shader_image_load_store GL_EXT_shader_integer_mix GL_EXT_shadow_funcs GL_EXT_stencil_wrap GL_EXT_subtexture GL_EXT_texgen_reflection GL_EXT_texture3D GL_EXT_texture_array GL_EXT_texture_buffer_object GL_EXT_texture_compression_bptc GL_EXT_texture_compression_latc GL_EXT_texture_compression_rgtc GL_EXT_texture_compression_s3tc GL_EXT_texture_cube_map GL_EXT_texture_edge_clamp GL_EXT_texture_env_add GL_EXT_texture_env_combine GL_EXT_texture_env_dot3 GL_EXT_texture_filter_anisotropic GL_EXT_texture_integer GL_EXT_texture_lod GL_EXT_texture_lod_bias GL_EXT_texture_mirror_clamp GL_EXT_texture_object GL_EXT_texture_rectangle GL_EXT_texture_sRGB GL_EXT_texture_sRGB_R8 GL_EXT_texture_sRGB_RG8 GL_EXT_texture_sRGB_decode GL_EXT_texture_shared_exponent GL_EXT_texture_snorm GL_EXT_texture_storage GL_EXT_texture_swizzle GL_EXT_timer_query GL_EXT_transform_feedback GL_EXT_vertex_array GL_EXT_vertex_array_bgra GL_EXT_vertex_attrib_64bit GL_IBM_texture_mirrored_repeat GL_KHR_context_flush_control GL_KHR_debug GL_KHR_no_error GL_KHR_parallel_shader_compile GL_KHR_robust_buffer_access_behavior GL_KHR_robustness GL_KTX_buffer_region GL_NV_alpha_to_coverage_dither_control GL_NV_blend_square GL_NV_conditional_render GL_NV_copy_depth_to_color GL_NV_copy_image GL_NV_depth_buffer_float GL_NV_explicit_multisample GL_NV_float_buffer GL_NV_half_float GL_NV_primitive_restart GL_NV_shader_atomic_int64 GL_NV_texgen_reflection GL_NV_texture_barrier GL_OES_EGL_image GL_SGIS_generate_mipmap GL_SGIS_texture_edge_clamp GL_SGIS_texture_lod GL_SUN_multi_draw_arrays GL_WIN_swap_hint WGL_EXT_swap_control
18:24:49: ***************************
18:24:49: *** GL Renderer Started ***
18:24:49: ***************************
18:24:49: Registering ResourceManager for type GpuProgram
18:24:49: GLSL support detected
18:24:49: GL: Using GL_EXT_framebuffer_object for rendering to textures (best)
18:24:49: FBO PF_UNKNOWN depth/stencil support: D0S1 D0S4 D0S8 D0S16 D16S0 D24S0 D32S0 Packed-D24S8
18:24:49: FBO PF_L8 depth/stencil support: D0S0 D0S1 D0S4 D0S8 D0S16 D16S0 D24S0 D32S0 Packed-D24S8
18:24:49: FBO PF_L16 depth/stencil support: D0S0 D0S1 D0S4 D0S8 D0S16 D16S0 D24S0 D32S0 Packed-D24S8
18:24:49: FBO PF_A8 depth/stencil support: D0S0 D0S1 D0S4 D0S8 D0S16 D16S0 D24S0 D32S0 Packed-D24S8
18:24:49: FBO PF_BYTE_LA depth/stencil support: D0S0 D0S1 D0S4 D0S8 D0S16 D16S0 D24S0 D32S0 Packed-D24S8
18:24:49: FBO PF_R5G6B5 depth/stencil support: D0S0 D0S1 D0S4 D0S8 D0S16 D16S0 D24S0 D32S0 Packed-D24S8
18:24:49: FBO PF_A4R4G4B4 depth/stencil support: D0S0 D0S1 D0S4 D0S8 D0S16 D16S0 D24S0 D32S0 Packed-D24S8
18:24:49: FBO PF_A1R5G5B5 depth/stencil support: D0S0 D0S1 D0S4 D0S8 D0S16 D16S0 D24S0 D32S0 Packed-D24S8
18:24:49: FBO PF_R8G8B8 depth/stencil support: D0S0 D0S1 D0S4 D0S8 D0S16 D16S0 D24S0 D32S0 Packed-D24S8
18:24:49: FBO PF_B8G8R8 depth/stencil support: D0S0 D0S1 D0S4 D0S8 D0S16 D16S0 D24S0 D32S0 Packed-D24S8
18:24:49: FBO PF_A8R8G8B8 depth/stencil support: D0S0 D0S1 D0S4 D0S8 D0S16 D16S0 D24S0 D32S0 Packed-D24S8
18:24:49: FBO PF_A8B8G8R8 depth/stencil support: D0S0 D0S1 D0S4 D0S8 D0S16 D16S0 D24S0 D32S0 Packed-D24S8
18:24:49: FBO PF_B8G8R8A8 depth/stencil support: D0S0 D0S1 D0S4 D0S8 D0S16 D16S0 D24S0 D32S0 Packed-D24S8
18:24:49: FBO PF_FLOAT16_RGB depth/stencil support: D0S0 D0S1 D0S4 D0S8 D0S16 D16S0 D24S0 D32S0 Packed-D24S8
18:24:49: FBO PF_FLOAT16_RGBA depth/stencil support: D0S0 D0S1 D0S4 D0S8 D0S16 D16S0 D24S0 D32S0 Packed-D24S8
18:24:49: FBO PF_FLOAT32_RGB depth/stencil support: D0S0 D0S1 D0S4 D0S8 D0S16 D16S0 D24S0 D32S0 Packed-D24S8
18:24:49: FBO PF_FLOAT32_RGBA depth/stencil support: D0S0 D0S1 D0S4 D0S8 D0S16 D16S0 D24S0 D32S0 Packed-D24S8
18:24:49: FBO PF_X8R8G8B8 depth/stencil support: D0S0 D0S1 D0S4 D0S8 D0S16 D16S0 D24S0 D32S0 Packed-D24S8
18:24:49: FBO PF_X8B8G8R8 depth/stencil support: D0S0 D0S1 D0S4 D0S8 D0S16 D16S0 D24S0 D32S0 Packed-D24S8
18:24:49: FBO PF_R8G8B8A8 depth/stencil support: D0S0 D0S1 D0S4 D0S8 D0S16 D16S0 D24S0 D32S0 Packed-D24S8
18:24:49: FBO PF_DEPTH16 depth/stencil support: D0S0 D0S1 D0S4 D0S8 D0S16 D16S0 D24S0 D32S0 Packed-D24S8
18:24:49: FBO PF_SHORT_RGBA depth/stencil support: D0S0 D0S1 D0S4 D0S8 D0S16 D16S0 D24S0 D32S0 Packed-D24S8
18:24:49: FBO PF_R3G3B2 depth/stencil support: D0S0 D0S1 D0S4 D0S8 D0S16 D16S0 D24S0 D32S0 Packed-D24S8
18:24:49: FBO PF_FLOAT16_R depth/stencil support: D0S0 D0S1 D0S4 D0S8 D0S16 D16S0 D24S0 D32S0 Packed-D24S8
18:24:49: FBO PF_FLOAT32_R depth/stencil support: D0S0 D0S1 D0S4 D0S8 D0S16 D16S0 D24S0 D32S0 Packed-D24S8
18:24:49: FBO PF_SHORT_GR depth/stencil support: D0S0 D0S1 D0S4 D0S8 D0S16 D16S0 D24S0 D32S0 Packed-D24S8
18:24:49: FBO PF_FLOAT16_GR depth/stencil support: D0S0 D0S1 D0S4 D0S8 D0S16 D16S0 D24S0 D32S0 Packed-D24S8
18:24:49: FBO PF_FLOAT32_GR depth/stencil support: D0S0 D0S1 D0S4 D0S8 D0S16 D16S0 D24S0 D32S0 Packed-D24S8
18:24:49: FBO PF_SHORT_RGB depth/stencil support: D0S0 D0S1 D0S4 D0S8 D0S16 D16S0 D24S0 D32S0 Packed-D24S8
18:24:49: [GL] : Valid FBO targets PF_UNKNOWN PF_L8 PF_L16 PF_A8 PF_BYTE_LA PF_R5G6B5 PF_A4R4G4B4 PF_A1R5G5B5 PF_R8G8B8 PF_B8G8R8 PF_A8R8G8B8 PF_A8B8G8R8 PF_B8G8R8A8 PF_FLOAT16_RGB PF_FLOAT16_RGBA PF_FLOAT32_RGB PF_FLOAT32_RGBA PF_X8R8G8B8 PF_X8B8G8R8 PF_R8G8B8A8 PF_DEPTH16 PF_SHORT_RGBA PF_R3G3B2 PF_FLOAT16_R PF_FLOAT32_R PF_SHORT_GR PF_FLOAT16_GR PF_FLOAT32_GR PF_SHORT_RGB 
18:24:49: RenderSystem capabilities
18:24:49: -------------------------
18:24:49: RenderSystem Name: OpenGL Rendering Subsystem
18:24:49: GPU Vendor: amd
18:24:49: Device Name: Radeon (TM) RX 480 Graphics
18:24:49: Driver Version: 4.6.13586.0
18:24:49:  * Fixed function pipeline: yes
18:24:49:  * Anisotropic texture filtering: yes
18:24:49:  * Hardware stencil buffer: yes
18:24:49:    - Stencil depth: 8
18:24:49:    - Two sided stencil support: yes
18:24:49:    - Wrap stencil values: yes
18:24:49:  * 32-bit index buffers: yes
18:24:49:  * Vertex programs: yes
18:24:49:  * Number of floating-point constants for vertex programs: 256
18:24:49:  * Number of integer constants for vertex programs: 0
18:24:49:  * Number of boolean constants for vertex programs: 0
18:24:49:  * Fragment programs: yes
18:24:49:  * Number of floating-point constants for fragment programs: 256
18:24:49:  * Number of integer constants for fragment programs: 0
18:24:49:  * Number of boolean constants for fragment programs: 0
18:24:49:  * Geometry programs: yes
18:24:49:  * Number of floating-point constants for geometry programs: 16384
18:24:49:  * Number of integer constants for geometry programs: 0
18:24:49:  * Number of boolean constants for geometry programs: 0
18:24:49:  * Tessellation Hull programs: no
18:24:49:  * Number of floating-point constants for tessellation hull programs: 52685
18:24:49:  * Number of integer constants for tessellation hull programs: 52685
18:24:49:  * Number of boolean constants for tessellation hull programs: 52685
18:24:49:  * Tessellation Domain programs: no
18:24:49:  * Number of floating-point constants for tessellation domain programs: 52685
18:24:49:  * Number of integer constants for tessellation domain programs: 52685
18:24:49:  * Number of boolean constants for tessellation domain programs: 52685
18:24:49:  * Compute programs: no
18:24:49:  * Number of floating-point constants for compute programs: 52685
18:24:49:  * Number of integer constants for compute programs: 52685
18:24:49:  * Number of boolean constants for compute programs: 52685
18:24:49:  * Supported Shader Profiles: arbfp1 arbvp1 glsl glsl100 glsl110 glsl120 ps_1_1 ps_1_2 ps_1_3 ps_1_4
18:24:49:  * Texture Compression: yes
18:24:49:    - DXT: yes
18:24:49:    - VTC: no
18:24:49:    - PVRTC: no
18:24:49:    - ATC: no
18:24:49:    - ETC1: no
18:24:49:    - ETC2: no
18:24:49:    - BC4/BC5: no
18:24:49:    - BC6H/BC7: no
18:24:49:    - ASTC: no
18:24:49:    - Mipmaps for compressed formats: yes
18:24:49:  * Hardware Occlusion Query: yes
18:24:49:  * User clip planes: yes
18:24:49:  * VET_UBYTE4 vertex element type: yes
18:24:49:  * Infinite far plane projection: yes
18:24:49:  * Hardware render-to-texture: yes
18:24:49:  * Floating point textures: yes
18:24:49:  * Non-power-of-two textures: yes
18:24:49:  * 1d textures: yes
18:24:49:  * Volume textures: yes
18:24:49:  * Multiple Render Targets: 8
18:24:49:    - With different bit depths: yes
18:24:49:  * Point Sprites: yes
18:24:49:  * Wide Lines: yes
18:24:49:  * Hardware Gamma: yes
18:24:49:  * Extended point parameters: yes
18:24:49:  * Max Point Size: 8192
18:24:49:  * Vertex texture fetch: yes
18:24:49:  * Number of texture units: 16
18:24:49:  * Number of vertex attributes: 29
18:24:49:  * Stencil buffer depth: 8
18:24:49:  * Number of vertex blend matrices: 0
18:24:49:    - Max vertex textures: 32
18:24:49:    - Vertex textures shared: yes
18:24:49:  * Render to Vertex Buffer : no
18:24:49:  * Hardware Atomic Counters: no
18:24:49:  * PBuffer support: yes
18:24:49:  * Vertex Array Objects: no
18:24:49:  * Separate shader objects: no
18:24:49:  * GLSL SSO redeclare interface block: no
18:24:49:  * Debugging/ profiling events: no
18:24:49:  * Map buffer storage: yes
18:24:49: DefaultWorkQueue('Root') initialising on thread 17612.
18:24:49: DefaultWorkQueue('Root')::WorkerFunc - thread 14732 starting.
18:24:49: DefaultWorkQueue('Root')::WorkerFunc - thread 3184 starting.
18:24:49: Particle Renderer Type 'billboard' registered
18:24:49: SceneManagerFactory for type 'PCZSceneManager' registered.
18:24:49: MovableObjectFactory for type 'PCZLight' registered.
18:24:49: MovableObjectFactory for type 'Portal' registered.
18:24:49: MovableObjectFactory for type 'AntiPortal' registered.
18:24:49: PCZone Factory Type 'ZoneType_Octree' registered
18:24:49: SceneManagerFactory for type 'OctreeSceneManager' registered.
18:24:49: SceneManagerFactory for type 'BspSceneManager' registered.
18:24:49: Registering SceneLoader Q3BSP
18:24:49: Creating resource group Essential
18:24:49: Added resource location './assets/ogre/packs/SdkTrays.zip' of type 'Zip' to resource group 'Essential'
18:24:49: Added resource location './assets/ogre/packs/profiler.zip' of type 'Zip' to resource group 'Essential'
18:24:49: Creating resource group Fonts
18:24:49: Added resource location './assets/UI/fonts' of type 'FileSystem' to resource group 'Fonts'
18:24:49: Added resource location './assets/ogre/' of type 'FileSystem' to resource group 'General'
18:24:49: Creating resource group Imagesets
18:24:49: Added resource location './assets/UI/imagesets' of type 'FileSystem' to resource group 'Imagesets'
18:24:49: Creating resource group Layouts
18:24:49: Added resource location './assets/UI/layouts' of type 'FileSystem' to resource group 'Layouts'
18:24:49: Creating resource group LookNFeel
18:24:49: Added resource location './assets/UI/looknfeel' of type 'FileSystem' to resource group 'LookNFeel'
18:24:49: Added resource location './assets/ogre/Media/ShadowVolume' of type 'FileSystem' to resource group 'OgreInternal'
18:24:49: Added resource location './assets/ogre/Media/RTShaderLib/materials' of type 'FileSystem' to resource group 'OgreInternal'
18:24:49: Added resource location './assets/ogre/Media/RTShaderLib/GLSL' of type 'FileSystem' to resource group 'OgreInternal'
18:24:49: Added resource location './assets/ogre/Media/RTShaderLib/HLSL_Cg' of type 'FileSystem' to resource group 'OgreInternal'
18:24:49: Added resource location './assets/ogre/Media/Terrain/' of type 'FileSystem' to resource group 'OgreInternal'
18:24:49: Creating resource group Schemes
18:24:49: Added resource location './assets/UI/schemes' of type 'FileSystem' to resource group 'Schemes'
18:24:49: Added resource location './assets/ogre//shaders/programs/GLSL120' of type 'FileSystem' to resource group 'General'
18:24:49: Added resource location './assets/ogre//shaders/programs/GLSL' of type 'FileSystem' to resource group 'General'
18:24:49: Added resource location './assets/ogre//shaders/programs/RTShaderLib/materials' of type 'FileSystem' to resource group 'General'
18:24:49: Added resource location './assets/ogre//shaders/programs/RTShaderLib/GLSL' of type 'FileSystem' to resource group 'General'
18:24:49: Parsing scripts for resource group Essential
18:24:49: Parsing script SdkTrays.material
18:24:49: Parsing script OgreProfiler.material
18:24:49: Finished parsing scripts for resource group Essential
18:24:49: Creating resources for group Essential
18:24:49: All done
18:24:49: Parsing scripts for resource group Fonts
18:24:49: Finished parsing scripts for resource group Fonts
18:24:49: Creating resources for group Fonts
18:24:49: All done
18:24:49: Parsing scripts for resource group General
18:24:49: Parsing script materials.material
18:24:49: Parsing script NaveWiterico.material
18:24:49: Parsing script paletteTeodegonda.material
18:24:49: Finished parsing scripts for resource group General
18:24:49: Creating resources for group General
18:24:49: All done
18:24:49: Parsing scripts for resource group Imagesets
18:24:49: Finished parsing scripts for resource group Imagesets
18:24:49: Creating resources for group Imagesets
18:24:49: All done
18:24:49: Parsing scripts for resource group Layouts
18:24:49: Finished parsing scripts for resource group Layouts
18:24:49: Creating resources for group Layouts
18:24:49: All done
18:24:49: Parsing scripts for resource group LookNFeel
18:24:49: Finished parsing scripts for resource group LookNFeel
18:24:49: Creating resources for group LookNFeel
18:24:49: All done
18:24:49: Parsing scripts for resource group OgreAutodetect
18:24:49: Finished parsing scripts for resource group OgreAutodetect
18:24:49: Creating resources for group OgreAutodetect
18:24:49: All done
18:24:49: Parsing scripts for resource group OgreInternal
18:24:49: Parsing script ShadowVolumeExtude.program
18:24:49: Parsing script DualQuaternionSkinning_Shadow.material
18:24:49: Parsing script HardwareSkinningShadow.material
18:24:49: Parsing script RTShaderSystem.material
18:24:49: Parsing script TriplanarTexturing.material
18:24:49: Finished parsing scripts for resource group OgreInternal
18:24:49: Creating resources for group OgreInternal
18:24:49: All done
18:24:49: Parsing scripts for resource group Schemes
18:24:49: Finished parsing scripts for resource group Schemes
18:24:49: Creating resources for group Schemes
18:24:49: All done
